0 info it worked if it ends with ok
1 verbose cli [ '/usr/bin/nodejs', '/usr/bin/npm', 'run', 'tsc:w' ]
2 info using npm@3.10.10
3 info using node@v7.3.0
4 verbose config Skipping project config: /var/www/html/angular/.npmrc. (matches userconfig)
5 verbose run-script [ 'pretsc:w', 'tsc:w', 'posttsc:w' ]
6 info lifecycle app@1.0.0~pretsc:w: app@1.0.0
7 silly lifecycle app@1.0.0~pretsc:w: no script for pretsc:w, continuing
8 info lifecycle app@1.0.0~tsc:w: app@1.0.0
9 verbose lifecycle app@1.0.0~tsc:w: unsafe-perm in lifecycle true
10 verbose lifecycle app@1.0.0~tsc:w: PATH: /usr/lib/node_modules/npm/bin/node-gyp-bin:/var/www/html/angular/node_modules/.bin:/usr/lib/node_modules/npm/bin/node-gyp-bin:/var/www/html/angular/node_modules/.bin:/usr/local/bin:/usr/bin:/bin:/usr/local/games:/usr/games
11 verbose lifecycle app@1.0.0~tsc:w: CWD: /var/www/html/angular
12 silly lifecycle app@1.0.0~tsc:w: Args: [ '-c', 'tsc-w' ]
13 info lifecycle app@1.0.0~tsc:w: Failed to exec tsc:w script
14 verbose stack Error: app@1.0.0 tsc:w: `tsc-w`
14 verbose stack spawn ENOENT
14 verbose stack     at ChildProcess.<anonymous> (/usr/lib/node_modules/npm/lib/utils/spawn.js:33:16)
14 verbose stack     at emitTwo (events.js:106:13)
14 verbose stack     at ChildProcess.emit (events.js:191:7)
14 verbose stack     at maybeClose (internal/child_process.js:885:16)
14 verbose stack     at Process.ChildProcess._handle.onexit (internal/child_process.js:226:5)
15 verbose pkgid app@1.0.0
16 verbose cwd /var/www/html/angular
17 error Linux 3.16.0-4-amd64
18 error argv "/usr/bin/nodejs" "/usr/bin/npm" "run" "tsc:w"
19 error node v7.3.0
20 error npm  v3.10.10
21 error file sh
22 error code ELIFECYCLE
23 error errno ENOENT
24 error syscall spawn
25 error app@1.0.0 tsc:w: `tsc-w`
25 error spawn ENOENT
26 error Failed at the app@1.0.0 tsc:w script 'tsc-w'.
26 error Make sure you have the latest version of node.js and npm installed.
26 error If you do, this is most likely a problem with the app package,
26 error not with npm itself.
26 error Tell the author that this fails on your system:
26 error     tsc-w
26 error You can get information on how to open an issue for this project with:
26 error     npm bugs app
26 error Or if that isn't available, you can get their info via:
26 error     npm owner ls app
26 error There is likely additional logging output above.
27 verbose exit [ 1, true ]
